<?xml version="1.0" encoding="UTF-8"?>
<testsuites name="jest tests" tests="2" failures="1" errors="0" time="1.43">
  <testsuite name="GET /aircraft" errors="0" failures="1" skipped="0" timestamp="2024-05-14T09:59:23" time="1.384" tests="2">
    <testcase classname="GET /aircraft should return 200 for valid inputs" name="GET /aircraft should return 200 for valid inputs" time="0.04">
    </testcase>
    <testcase classname="GET /aircraft should return 400 for invalid inputs" name="GET /aircraft should return 400 for invalid inputs" time="0.002">
      <failure>Error: expect(received).toThrow(expected)

Expected substring: &quot;Bad request&quot;

Received function did not throw
    at Object.&lt;anonymous&gt; (/home/hyhy/dev/AND/opensky/src/tests/routes/aircraft.spec.ts:20:7)
    at Promise.then.completed (/home/hyhy/dev/AND/opensky/node_modules/.pnpm/jest-circus@29.7.0/node_modules/jest-circus/build/utils.js:298:28)
    at new Promise (&lt;anonymous&gt;)
    at callAsyncCircusFn (/home/hyhy/dev/AND/opensky/node_modules/.pnpm/jest-circus@29.7.0/node_modules/jest-circus/build/utils.js:231:10)
    at _callCircusTest (/home/hyhy/dev/AND/opensky/node_modules/.pnpm/jest-circus@29.7.0/node_modules/jest-circus/build/run.js:316:40)
    at processTicksAndRejections (node:internal/process/task_queues:95:5)
    at async _runTest (/home/hyhy/dev/AND/opensky/node_modules/.pnpm/jest-circus@29.7.0/node_modules/jest-circus/build/run.js:252:3)
    at async _runTestsForDescribeBlock (/home/hyhy/dev/AND/opensky/node_modules/.pnpm/jest-circus@29.7.0/node_modules/jest-circus/build/run.js:126:9)
    at async _runTestsForDescribeBlock (/home/hyhy/dev/AND/opensky/node_modules/.pnpm/jest-circus@29.7.0/node_modules/jest-circus/build/run.js:121:9)
    at async run (/home/hyhy/dev/AND/opensky/node_modules/.pnpm/jest-circus@29.7.0/node_modules/jest-circus/build/run.js:71:3)
    at async runAndTransformResultsToJestFormat (/home/hyhy/dev/AND/opensky/node_modules/.pnpm/jest-circus@29.7.0/node_modules/jest-circus/build/legacy-code-todo-rewrite/jestAdapterInit.js:122:21)
    at async jestAdapter (/home/hyhy/dev/AND/opensky/node_modules/.pnpm/jest-circus@29.7.0/node_modules/jest-circus/build/legacy-code-todo-rewrite/jestAdapter.js:79:19)
    at async runTestInternal (/home/hyhy/dev/AND/opensky/node_modules/.pnpm/jest-runner@29.7.0/node_modules/jest-runner/build/runTest.js:367:16)
    at async runTest (/home/hyhy/dev/AND/opensky/node_modules/.pnpm/jest-runner@29.7.0/node_modules/jest-runner/build/runTest.js:444:34)</failure>
    </testcase>
  </testsuite>
</testsuites>